[22:04:00] [ServerMain/INFO]: Environment: authHost='https://authserver.mojang.com', accountsHost='https://api.mojang.com', sessionHost='https://sessionserver.mojang.com', servicesHost='https://api.minecraftservices.com', name='PROD'
[22:04:02] [ServerMain/WARN]: Ambiguity between arguments [teleport, location] and [teleport, destination] with inputs: [0.1 -0.5 .9, 0 0 0]
[22:04:02] [ServerMain/WARN]: Ambiguity between arguments [teleport, location] and [teleport, targets] with inputs: [0.1 -0.5 .9, 0 0 0]
[22:04:02] [ServerMain/WARN]: Ambiguity between arguments [teleport, destination] and [teleport, targets] with inputs: [Player, 0123, @e, dd12be42-52a9-4a91-a8a1-11c01849e498]
[22:04:02] [ServerMain/WARN]: Ambiguity between arguments [teleport, targets] and [teleport, destination] with inputs: [Player, 0123, dd12be42-52a9-4a91-a8a1-11c01849e498]
[22:04:02] [ServerMain/WARN]: Ambiguity between arguments [teleport, targets, location] and [teleport, targets, destination] with inputs: [0.1 -0.5 .9, 0 0 0]
[22:04:03] [Worker-Main-16/INFO]: Loaded 7 recipes
[22:04:03] [Worker-Main-16/INFO]: Loaded 1141 advancements
[22:04:05] [Server thread/INFO]: Starting minecraft server version 1.18.2
[22:04:05] [Server thread/INFO]: Loading properties
[22:04:05] [Server thread/INFO]: Default game type: SURVIVAL
[22:04:05] [Server thread/INFO]: Generating keypair
[22:04:05] [Server thread/INFO]: Starting Minecraft server on 192.168.0.100:25565
[22:04:05] [Server thread/INFO]: Using epoll channel type
[22:04:06] [Server thread/WARN]: **** SERVER IS RUNNING IN OFFLINE/INSECURE MODE!
[22:04:06] [Server thread/WARN]: The server will make no attempt to authenticate usernames. Beware.
[22:04:06] [Server thread/WARN]: While this makes the game possible to play without internet access, it also opens up the ability for hackers to connect with any username they choose.
[22:04:06] [Server thread/WARN]: To change this, set "online-mode" to "true" in the server.properties file.
[22:04:06] [Server thread/INFO]: Preparing level "world"
[22:04:06] [Server thread/INFO]: Preparing start region for dimension minecraft:overworld
[22:04:07] [Worker-Main-17/INFO]: Preparing spawn area: 0%
[22:04:07] [Worker-Main-15/INFO]: Preparing spawn area: 0%
[22:04:07] [Worker-Main-15/INFO]: Preparing spawn area: 0%
[22:04:07] [Worker-Main-24/INFO]: Preparing spawn area: 0%
[22:04:08] [Worker-Main-23/INFO]: Preparing spawn area: 0%
[22:04:08] [Worker-Main-20/INFO]: Preparing spawn area: 0%
[22:04:09] [Worker-Main-23/INFO]: Preparing spawn area: 0%
[22:04:09] [Worker-Main-24/INFO]: Preparing spawn area: 0%
[22:04:10] [Worker-Main-13/INFO]: Preparing spawn area: 1%
[22:04:10] [Worker-Main-24/INFO]: Preparing spawn area: 5%
[22:04:11] [Worker-Main-14/INFO]: Preparing spawn area: 5%
[22:04:11] [Worker-Main-12/INFO]: Preparing spawn area: 12%
[22:04:12] [Worker-Main-24/INFO]: Preparing spawn area: 26%
[22:04:12] [Worker-Main-15/INFO]: Preparing spawn area: 35%
[22:04:13] [Worker-Main-22/INFO]: Preparing spawn area: 68%
[22:04:13] [Worker-Main-13/INFO]: Preparing spawn area: 99%
[22:04:14] [Server thread/INFO]: Time elapsed: 8229 ms
[22:04:14] [Server thread/INFO]: Done (8.406s)! For help, type "help"
